<?xml version="1.0" encoding="UTF-8"?>
<!-- Generated by org.testng.reporters.JUnitReportReporter -->
<testsuite skipped="0" hostname="lmedina1" name="Runners.Main_Runner" tests="2" failures="0" timestamp="2019-11-04T18:01:01 ART" time="81.670" errors="0">
  <testcase name="feature" time="14.654" classname="Runners.Main_Runner"/>
  <testcase name="feature" time="67.016" classname="Runners.Main_Runner"/>
</testsuite> <!-- Runners.Main_Runner -->
